<?xml version="1.0" encoding="UTF-8"?>
<!-- Generated by org.testng.reporters.JUnitReportReporter -->
<testsuite hostname="DESKTOP-ORRTOJF" failures="0" tests="7" name="TestNGTutorial.Day3" time="0.328" errors="0" timestamp="18 Dec 2023 08:00:29 GMT">
  <testcase classname="TestNGTutorial.Day3" name="MobileSigninCarloan" time="0.036"/>
  <testcase classname="TestNGTutorial.Day3" name="MobileSigninCarloan" time="0.048"/>
  <testcase classname="TestNGTutorial.Day3" name="MobileloginCarloan" time="0.100"/>
  <testcase classname="TestNGTutorial.Day3" name="webloginCarLoan" time="0.045"/>
  <testcase classname="TestNGTutorial.Day3" name="LoginAPICarloan" time="0.026"/>
  <testcase classname="TestNGTutorial.Day3" name="MobileSigninCarloan" time="0.020"/>
  <testcase classname="TestNGTutorial.Day3" name="MobileSignoutCarloan" time="0.053"/>
</testsuite> <!-- TestNGTutorial.Day3 -->
