<?xml version="1.0" encoding="UTF-8"?>
<!-- Generated by org.testng.reporters.JUnitReportReporter -->
<testsuite hostname="DESKTOP-ORRTOJF" failures="0" tests="1" name="CoreJavaConcepts.PS1" time="0.042" errors="0" timestamp="20 Dec 2023 09:33:39 GMT">
  <testcase classname="CoreJavaConcepts.PS1" name="testRun" time="0.042"/>
</testsuite> <!-- CoreJavaConcepts.PS1 -->
