<?xml version="1.0" encoding="UTF-8"?>
<!-- Generated by org.testng.reporters.JUnitReportReporter -->
<testsuite hostname="DESKTOP-ORRTOJF" failures="0" tests="1" name="TestNG" time="0.023" errors="0" timestamp="13 Dec 2023 11:34:28 GMT">
  <testcase classname="TestNG" name="demo" time="0.023"/>
</testsuite> <!-- TestNG -->
