<?xml version="1.0" encoding="UTF-8"?>
<!-- Generated by org.testng.reporters.JUnitReportReporter -->
<testsuite hostname="DESKTOP-ORRTOJF" failures="0" tests="1" name="cucumber.TestNGTestRunner" time="75.270" errors="0" timestamp="2024-03-13T15:18:01 IST" skipped="0">
  <testcase classname="cucumber.TestNGTestRunner" name="runScenario" time="75.270"/>
</testsuite> <!-- cucumber.TestNGTestRunner -->
