<?xml version="1.0" encoding="UTF-8"?>
<!-- Generated by org.testng.reporters.JUnitReportReporter -->
<testsuite hostname="DESKTOP-ORRTOJF" failures="0" tests="1" name="rahulshettyacademy.tests.ErrorValidation" time="20.075" errors="0" timestamp="2024-02-07T13:08:16 IST" skipped="0">
  <testcase classname="rahulshettyacademy.tests.ErrorValidation" name="submitOrder" time="20.075"/>
</testsuite> <!-- rahulshettyacademy.tests.ErrorValidation -->
