<?xml version="1.0" encoding="UTF-8"?>
<!-- Generated by org.testng.reporters.JUnitReportReporter -->
<testsuite hostname="DESKTOP-ORRTOJF" failures="0" tests="3" name="rahulshettyacademy.tests.SubmitOrderTest" time="63.563" errors="0" timestamp="2024-03-07T15:08:14 IST" skipped="0">
  <testcase classname="rahulshettyacademy.tests.SubmitOrderTest" name="submitOrder" time="25.658"/>
  <testcase classname="rahulshettyacademy.tests.SubmitOrderTest" name="OrderHistoryTest" time="22.044"/>
  <testcase classname="rahulshettyacademy.tests.SubmitOrderTest" name="submitOrder" time="15.861"/>
</testsuite> <!-- rahulshettyacademy.tests.SubmitOrderTest -->
