<?xml version="1.0" encoding="UTF-8"?>
<!-- Generated by org.testng.reporters.JUnitReportReporter -->
<testsuite hostname="DESKTOP-ORRTOJF" failures="0" tests="3" name="rahulshettyacademy.tests.SubmitOrderTest" time="120.945" errors="0" timestamp="2024-03-07T15:20:04 IST" skipped="0">
  <testcase classname="rahulshettyacademy.tests.SubmitOrderTest" name="submitOrder" time="35.602"/>
  <testcase classname="rahulshettyacademy.tests.SubmitOrderTest" name="submitOrder" time="35.050"/>
  <testcase classname="rahulshettyacademy.tests.SubmitOrderTest" name="OrderHistoryTest" time="50.293"/>
</testsuite> <!-- rahulshettyacademy.tests.SubmitOrderTest -->
