<?xml version="1.0" encoding="UTF-8"?>
<!-- Generated by org.testng.reporters.JUnitReportReporter -->
<testsuite hostname="DESKTOP-ORRTOJF" failures="0" tests="1" name="TestNGTutorial.Day2" time="0.018" errors="0" timestamp="18 Dec 2023 08:00:29 GMT">
  <testcase classname="TestNGTutorial.Day2" name="thirdclass" time="0.018"/>
</testsuite> <!-- TestNGTutorial.Day2 -->
