<?xml version="1.0" encoding="UTF-8"?>
<!-- Generated by org.testng.reporters.JUnitReportReporter -->
<testsuite hostname="DESKTOP-ORRTOJF" failures="0" tests="2" name="TestNGTutorial.TestNG" time="0.044" errors="0" timestamp="14 Dec 2023 06:51:17 GMT">
  <testcase classname="TestNGTutorial.TestNG" name="demo" time="0.025"/>
  <testcase classname="TestNGTutorial.TestNG" name="secondclass" time="0.019"/>
</testsuite> <!-- TestNGTutorial.TestNG -->
