<?xml version="1.0" encoding="UTF-8"?>
<!-- Generated by org.testng.reporters.JUnitReportReporter -->
<testsuite hostname="DESKTOP-ORRTOJF" failures="0" tests="2" name="test" time="0.033" errors="0" timestamp="21 Nov 2023 09:42:27 GMT">
  <testcase classname="test" name="StreamFilter" time="0.018"/>
  <testcase classname="test" name="StreamMap" time="0.015"/>
</testsuite> <!-- test -->
