<?xml version="1.0" encoding="UTF-8"?>
<!-- Generated by org.testng.reporters.JUnitReportReporter -->
<testsuite hostname="DESKTOP-ORRTOJF" failures="0" tests="1" name="rahulshettyacademy.ExtentReports.ExtentReportsDemo" time="34.418" errors="0" timestamp="2024-02-19T16:28:26 IST" skipped="0">
  <testcase classname="rahulshettyacademy.ExtentReports.ExtentReportsDemo" name="initialDemo" time="34.418"/>
</testsuite> <!-- rahulshettyacademy.ExtentReports.ExtentReportsDemo -->
